Using pre-set license
Built from '2020.3/staging' branch; Version is '2020.3.24f1 (79c78de19888) revision 7980941'; Using compiler version '192528614'; Build Type 'Release'
OS: 'Windows 10  (10.0.19043) 64bit Professional' Language: 'en' Physical Memory: 32713 MB
BatchMode: 1, IsHumanControllingUs: 0, StartBugReporterOnCrash: 0, Is64bit: 1, IsPro: 0

COMMAND LINE ARGUMENTS:
C:\Program Files\Unity 2020.3.24f1\Editor\Unity.exe
-adb2
-batchMode
-noUpm
-name
AssetImportWorker0
-projectPath
C:/Users/keith/Documents/GitHub/Mono
-logFile
Logs/AssetImportWorker0.log
-srvPort
52521
Successfully changed project path to: C:/Users/keith/Documents/GitHub/Mono
C:/Users/keith/Documents/GitHub/Mono
Using Asset Import Pipeline V2.
Refreshing native plugins compatible for Editor in 40.14 ms, found 3 plugins.
Preloading 0 native plugins for Editor in 0.00 ms.
Initialize engine version: 2020.3.24f1 (79c78de19888)
[Subsystems] Discovering subsystems at path C:/Program Files/Unity 2020.3.24f1/Editor/Data/Resources/UnitySubsystems
[Subsystems] Discovering subsystems at path C:/Users/keith/Documents/GitHub/Mono/Assets
GfxDevice: creating device client; threaded=0
Direct3D:
    Version:  Direct3D 11.0 [level 11.1]
    Renderer: NVIDIA GeForce GTX 1080 (ID=0x1b80)
    Vendor:   
    VRAM:     8079 MB
    Driver:   30.0.14.7141
Initialize mono
Mono path[0] = 'C:/Program Files/Unity 2020.3.24f1/Editor/Data/Managed'
Mono path[1] = 'C:/Program Files/Unity 2020.3.24f1/Editor/Data/MonoBleedingEdge/lib/mono/unityjit'
Mono config path = 'C:/Program Files/Unity 2020.3.24f1/Editor/Data/MonoBleedingEdge/etc'
Using monoOptions --debugger-agent=transport=dt_socket,embedding=1,server=y,suspend=n,address=127.0.0.1:56036
Begin MonoManager ReloadAssembly
Registering precompiled unity dll's ...
Register platform support module: C:/Program Files/Unity 2020.3.24f1/Editor/Data/PlaybackEngines/WindowsStandaloneSupport/UnityEditor.WindowsStandalone.Extensions.dll
Registered in 0.001797 seconds.
Native extension for WindowsStandalone target not found
Refreshing native plugins compatible for Editor in 38.02 ms, found 3 plugins.
Preloading 0 native plugins for Editor in 0.00 ms.
Mono: successfully reloaded assembly
- Completed reload, in  0.504 seconds
Domain Reload Profiling:
	ReloadAssembly (504ms)
		BeginReloadAssembly (46ms)
			ExecutionOrderSort (0ms)
			DisableScriptedObjects (0ms)
			BackupInstance (0ms)
			ReleaseScriptingObjects (0ms)
			CreateAndSetChildDomain (1ms)
		EndReloadAssembly (395ms)
			LoadAssemblies (44ms)
			RebuildTransferFunctionScriptingTraits (0ms)
			SetupTypeCache (129ms)
			ReleaseScriptCaches (0ms)
			RebuildScriptCaches (28ms)
			SetupLoadedEditorAssemblies (150ms)
				LogAssemblyErrors (0ms)
				InitializePlatformSupportModulesInManaged (4ms)
				SetLoadedEditorAssemblies (0ms)
				RefreshPlugins (38ms)
				BeforeProcessingInitializeOnLoad (14ms)
				ProcessInitializeOnLoadAttributes (70ms)
				ProcessInitializeOnLoadMethodAttributes (23ms)
				AfterProcessingInitializeOnLoad (0ms)
				EditorAssembliesLoaded (0ms)
			ExecutionOrderSort2 (0ms)
			AwakeInstancesAfterBackupRestoration (0ms)
Platform modules already initialized, skipping
Registering precompiled user dll's ...
Registered in 0.004684 seconds.
Begin MonoManager ReloadAssembly
Native extension for WindowsStandalone target not found
Refreshing native plugins compatible for Editor in 43.50 ms, found 3 plugins.
Preloading 0 native plugins for Editor in 0.00 ms.
Mono: successfully reloaded assembly
- Completed reload, in  0.974 seconds
Domain Reload Profiling:
	ReloadAssembly (975ms)
		BeginReloadAssembly (129ms)
			ExecutionOrderSort (0ms)
			DisableScriptedObjects (4ms)
			BackupInstance (0ms)
			ReleaseScriptingObjects (0ms)
			CreateAndSetChildDomain (17ms)
		EndReloadAssembly (793ms)
			LoadAssemblies (79ms)
			RebuildTransferFunctionScriptingTraits (0ms)
			SetupTypeCache (256ms)
			ReleaseScriptCaches (0ms)
			RebuildScriptCaches (42ms)
			SetupLoadedEditorAssemblies (306ms)
				LogAssemblyErrors (0ms)
				InitializePlatformSupportModulesInManaged (3ms)
				SetLoadedEditorAssemblies (0ms)
				RefreshPlugins (44ms)
				BeforeProcessingInitializeOnLoad (74ms)
				ProcessInitializeOnLoadAttributes (164ms)
				ProcessInitializeOnLoadMethodAttributes (14ms)
				AfterProcessingInitializeOnLoad (6ms)
				EditorAssembliesLoaded (0ms)
			ExecutionOrderSort2 (0ms)
			AwakeInstancesAfterBackupRestoration (5ms)
Platform modules already initialized, skipping
========================================================================
Worker process is ready to serve import requests
Launched and connected shader compiler UnityShaderCompiler.exe after 0.07 seconds
Refreshing native plugins compatible for Editor in 0.44 ms, found 3 plugins.
Preloading 0 native plugins for Editor in 0.00 ms.
Unloading 2194 Unused Serialized files (Serialized files now loaded: 0)
System memory in use before: 95.8 MB.
System memory in use after: 95.9 MB.

Unloading 28 unused Assets to reduce memory usage. Loaded Objects now: 2627.
Total: 2.972800 ms (FindLiveObjects: 0.215800 ms CreateObjectMapping: 0.088500 ms MarkObjects: 2.604100 ms  DeleteObjects: 0.063200 ms)

AssetImportParameters requested are different than current active one (requested -> active):
  custom:framework-win-MediaFoundation: 216162199b28c13a410421893ffa2e32 -> 
  custom:video-decoder-ogg-theora: a1e56fd34408186e4bbccfd4996cb3dc -> 
  custom:container-muxer-webm: aa71ff27fc2769a1b78a27578f13a17b -> 
  custom:container-demuxer-webm: 4f35f7cbe854078d1ac9338744f61a02 -> 
  custom:container-demuxer-ogg: 62fdf1f143b41e24485cea50d1cbac27 -> 
  custom:video-encoder-webm-vp8: eb34c28f22e8b96e1ab97ce403110664 -> 
  custom:video-decoder-webm-vp8: 9c59270c3fd7afecdb556c50c9e8de78 -> 
  custom:audio-decoder-ogg-vorbis: bf7c407c2cedff20999df2af8eb42d56 -> 
  custom:audio-encoder-webm-vorbis: bf7c407c2cedff20999df2af8eb42d56 -> 
========================================================================
Received Import Request.
  path: Assets/Scenes/SampleScene.unity
  artifactKey: Guid(2cda990e2423bbf4892e6590ba056729) Importer(815301076,1909f56bfc062723c751e8b465ee728b)
Start importing Assets/Scenes/SampleScene.unity using Guid(2cda990e2423bbf4892e6590ba056729) Importer(815301076,1909f56bfc062723c751e8b465ee728b)  -> (artifact id: 'aa27944bdea339c97c39027c7eea529c') in 0.018168 seconds 
  Import took 0.021634 seconds .

========================================================================
Received Import Request.
  Time since last request: 0.000364 seconds.
  path: Assets/Scenes
  artifactKey: Guid(6be15c9ace3cca34d87114f388dbc7e7) Importer(815301076,1909f56bfc062723c751e8b465ee728b)
Start importing Assets/Scenes using Guid(6be15c9ace3cca34d87114f388dbc7e7) Importer(815301076,1909f56bfc062723c751e8b465ee728b)  -> (artifact id: '1f516bfea8a715f9052b6a13f15359f0') in 0.005887 seconds 
  Import took 0.009156 seconds .

========================================================================
Received Import Request.
  Time since last request: 205.220938 seconds.
  path: Assets/tilemap.png
  artifactKey: Guid(464111a41a05dcc419242999a67aa19e) Importer(815301076,1909f56bfc062723c751e8b465ee728b)
Start importing Assets/tilemap.png using Guid(464111a41a05dcc419242999a67aa19e) Importer(815301076,1909f56bfc062723c751e8b465ee728b)  -> (artifact id: '1a31d24a6df2be4e8d2312eb3ce50e70') in 0.186924 seconds 
  Import took 0.192565 seconds .

========================================================================
Received Import Request.
  Time since last request: 157.456657 seconds.
  path: Assets/New Palette.prefab
  artifactKey: Guid(37a4badbd32c2ba4483155141de600aa) Importer(815301076,1909f56bfc062723c751e8b465ee728b)
Start importing Assets/New Palette.prefab using Guid(37a4badbd32c2ba4483155141de600aa) Importer(815301076,1909f56bfc062723c751e8b465ee728b)  -> (artifact id: '9b9fd3ac0ced6b036ab998a4d974ad1e') in 0.037927 seconds 
  Import took 0.042716 seconds .

========================================================================
Received Import Request.
  Time since last request: 15.018731 seconds.
  path: Assets/New Palette.prefab
  artifactKey: Guid(37a4badbd32c2ba4483155141de600aa) Importer(815301076,1909f56bfc062723c751e8b465ee728b)
Start importing Assets/New Palette.prefab using Guid(37a4badbd32c2ba4483155141de600aa) Importer(815301076,1909f56bfc062723c751e8b465ee728b)  -> (artifact id: 'aa26056653c5ca40732fa4b78ca4def6') in 0.014190 seconds 
  Import took 0.017396 seconds .

========================================================================
Received Import Request.
  Time since last request: 0.000240 seconds.
  path: Assets/tilemap.asset
  artifactKey: Guid(14d55cd0d7e4342418be233b795f475b) Importer(815301076,1909f56bfc062723c751e8b465ee728b)
Start importing Assets/tilemap.asset using Guid(14d55cd0d7e4342418be233b795f475b) Importer(815301076,1909f56bfc062723c751e8b465ee728b)  -> (artifact id: 'd070dc54600778cf256ddb8cbb935c69') in 0.017021 seconds 
  Import took 0.021098 seconds .

========================================================================
Received Import Request.
  Time since last request: 52.908978 seconds.
  path: Assets/tilemap.png
  artifactKey: Guid(464111a41a05dcc419242999a67aa19e) Importer(815301076,1909f56bfc062723c751e8b465ee728b)
Start importing Assets/tilemap.png using Guid(464111a41a05dcc419242999a67aa19e) Importer(815301076,1909f56bfc062723c751e8b465ee728b)  -> (artifact id: '2465930e5d3a9945115f3157f3cebc4a') in 0.012368 seconds 
  Import took 0.016802 seconds .

========================================================================
Received Import Request.
  Time since last request: 71.157932 seconds.
  path: Assets/tilemap.png
  artifactKey: Guid(464111a41a05dcc419242999a67aa19e) Importer(815301076,1909f56bfc062723c751e8b465ee728b)
Start importing Assets/tilemap.png using Guid(464111a41a05dcc419242999a67aa19e) Importer(815301076,1909f56bfc062723c751e8b465ee728b)  -> (artifact id: 'acff33913a5f756466f5fd3b60a83f19') in 0.005948 seconds 
  Import took 0.010843 seconds .

========================================================================
Received Import Request.
  Time since last request: 43.195530 seconds.
  path: Assets/tilemap.png
  artifactKey: Guid(464111a41a05dcc419242999a67aa19e) Importer(815301076,1909f56bfc062723c751e8b465ee728b)
Start importing Assets/tilemap.png using Guid(464111a41a05dcc419242999a67aa19e) Importer(815301076,1909f56bfc062723c751e8b465ee728b)  -> (artifact id: '8ae8938667dd2496c89b05adf10ec732') in 0.005380 seconds 
  Import took 0.009825 seconds .

========================================================================
Received Import Request.
  Time since last request: 8.003174 seconds.
  path: Assets/tilemap.png
  artifactKey: Guid(464111a41a05dcc419242999a67aa19e) Importer(815301076,1909f56bfc062723c751e8b465ee728b)
Start importing Assets/tilemap.png using Guid(464111a41a05dcc419242999a67aa19e) Importer(815301076,1909f56bfc062723c751e8b465ee728b)  -> (artifact id: 'fed620979ec8d40073094d839f2f11e7') in 0.011322 seconds 
  Import took 0.015263 seconds .

========================================================================
Received Import Request.
  Time since last request: 16.665166 seconds.
  path: Assets/tilemap.png
  artifactKey: Guid(464111a41a05dcc419242999a67aa19e) Importer(815301076,1909f56bfc062723c751e8b465ee728b)
Start importing Assets/tilemap.png using Guid(464111a41a05dcc419242999a67aa19e) Importer(815301076,1909f56bfc062723c751e8b465ee728b)  -> (artifact id: 'fd5c5eef1823fa676f1f2516ec67feae') in 0.008734 seconds 
  Import took 0.013945 seconds .

========================================================================
Received Import Request.
  Time since last request: 58.556313 seconds.
  path: Assets/tilemap.png
  artifactKey: Guid(464111a41a05dcc419242999a67aa19e) Importer(815301076,1909f56bfc062723c751e8b465ee728b)
Start importing Assets/tilemap.png using Guid(464111a41a05dcc419242999a67aa19e) Importer(815301076,1909f56bfc062723c751e8b465ee728b)  -> (artifact id: 'ed6bcbcb97ebf9748d5719927c420837') in 0.014450 seconds 
  Import took 0.022302 seconds .

========================================================================
Received Import Request.
  Time since last request: 11.280950 seconds.
  path: Assets/New Palette.prefab
  artifactKey: Guid(37a4badbd32c2ba4483155141de600aa) Importer(815301076,1909f56bfc062723c751e8b465ee728b)
Start importing Assets/New Palette.prefab using Guid(37a4badbd32c2ba4483155141de600aa) Importer(815301076,1909f56bfc062723c751e8b465ee728b)  -> (artifact id: '916e2a84ff6f86b5f0f7ae24de231cc3') in 0.012706 seconds 
  Import took 0.018389 seconds .

========================================================================
Received Import Request.
  Time since last request: 5.914872 seconds.
  path: Assets/New Palette.prefab
  artifactKey: Guid(37a4badbd32c2ba4483155141de600aa) Importer(815301076,1909f56bfc062723c751e8b465ee728b)
Start importing Assets/New Palette.prefab using Guid(37a4badbd32c2ba4483155141de600aa) Importer(815301076,1909f56bfc062723c751e8b465ee728b)  -> (artifact id: '0f1270f8cb607379b078d853d2072742') in 0.011212 seconds 
  Import took 0.014540 seconds .

========================================================================
Received Import Request.
  Time since last request: 0.000245 seconds.
  path: Assets/tilemap_0.asset
  artifactKey: Guid(424397bbe2019a245811b1652bd01de0) Importer(815301076,1909f56bfc062723c751e8b465ee728b)
Start importing Assets/tilemap_0.asset using Guid(424397bbe2019a245811b1652bd01de0) Importer(815301076,1909f56bfc062723c751e8b465ee728b)  -> (artifact id: 'ddaf517264479f2ded057631637d76ea') in 0.010113 seconds 
  Import took 0.013765 seconds .

========================================================================
Received Import Request.
  Time since last request: 0.000280 seconds.
  path: Assets/tilemap_1.asset
  artifactKey: Guid(f557e476effd50f46b45afb202158cc0) Importer(815301076,1909f56bfc062723c751e8b465ee728b)
Start importing Assets/tilemap_1.asset using Guid(f557e476effd50f46b45afb202158cc0) Importer(815301076,1909f56bfc062723c751e8b465ee728b)  -> (artifact id: '4aefe6c40ae1f62437e819bb7dd97b34') in 0.009789 seconds 
  Import took 0.017837 seconds .

========================================================================
Received Import Request.
  Time since last request: 165.942958 seconds.
  path: Assets/PlayerMovement.cs
  artifactKey: Guid(d7155c668839c3443a5be35b9351baca) Importer(815301076,1909f56bfc062723c751e8b465ee728b)
Start importing Assets/PlayerMovement.cs using Guid(d7155c668839c3443a5be35b9351baca) Importer(815301076,1909f56bfc062723c751e8b465ee728b)  -> (artifact id: 'd18d37f52aa4e2ab819dcd4cde38ee8b') in 0.012148 seconds 
  Import took 0.015846 seconds .

========================================================================
Received Import Request.
  Time since last request: 77.899043 seconds.
  path: Assets
  artifactKey: Guid(00000000000000001000000000000000) Importer(815301076,1909f56bfc062723c751e8b465ee728b)
Start importing Assets using Guid(00000000000000001000000000000000) Importer(815301076,1909f56bfc062723c751e8b465ee728b)  -> (artifact id: '42d402b061de3733987d63b9cc3b64de') in 0.006193 seconds 
  Import took 0.009587 seconds .

========================================================================
Received Import Request.
  Time since last request: 3.251271 seconds.
  path: Assets/NewBehaviourScript.cs
  artifactKey: Guid(225f9a9a84492484fb15e2733f836c02) Importer(815301076,1909f56bfc062723c751e8b465ee728b)
Start importing Assets/NewBehaviourScript.cs using Guid(225f9a9a84492484fb15e2733f836c02) Importer(815301076,1909f56bfc062723c751e8b465ee728b)  -> (artifact id: 'b5f7526fe0b880a9057bf701504c910f') in 0.005580 seconds 
  Import took 0.008739 seconds .

========================================================================
Received Prepare
Registering precompiled user dll's ...
Registered in 0.004442 seconds.
Begin MonoManager ReloadAssembly
Native extension for WindowsStandalone target not found
Refreshing native plugins compatible for Editor in 0.44 ms, found 3 plugins.
Preloading 0 native plugins for Editor in 0.00 ms.
Mono: successfully reloaded assembly
- Completed reload, in  0.886 seconds
Domain Reload Profiling:
	ReloadAssembly (886ms)
		BeginReloadAssembly (115ms)
			ExecutionOrderSort (0ms)
			DisableScriptedObjects (5ms)
			BackupInstance (0ms)
			ReleaseScriptingObjects (0ms)
			CreateAndSetChildDomain (33ms)
		EndReloadAssembly (717ms)
			LoadAssemblies (79ms)
			RebuildTransferFunctionScriptingTraits (0ms)
			SetupTypeCache (252ms)
			ReleaseScriptCaches (1ms)
			RebuildScriptCaches (36ms)
			SetupLoadedEditorAssemblies (261ms)
				LogAssemblyErrors (0ms)
				InitializePlatformSupportModulesInManaged (4ms)
				SetLoadedEditorAssemblies (0ms)
				RefreshPlugins (1ms)
				BeforeProcessingInitializeOnLoad (74ms)
				ProcessInitializeOnLoadAttributes (165ms)
				ProcessInitializeOnLoadMethodAttributes (10ms)
				AfterProcessingInitializeOnLoad (6ms)
				EditorAssembliesLoaded (0ms)
			ExecutionOrderSort2 (0ms)
			AwakeInstancesAfterBackupRestoration (7ms)
Platform modules already initialized, skipping
Refreshing native plugins compatible for Editor in 0.43 ms, found 3 plugins.
Preloading 0 native plugins for Editor in 0.00 ms.
Unloading 2184 Unused Serialized files (Serialized files now loaded: 0)
System memory in use before: 98.2 MB.
System memory in use after: 98.3 MB.

Unloading 17 unused Assets to reduce memory usage. Loaded Objects now: 2646.
Total: 2.820900 ms (FindLiveObjects: 0.289200 ms CreateObjectMapping: 0.091000 ms MarkObjects: 2.420400 ms  DeleteObjects: 0.018600 ms)

AssetImportParameters requested are different than current active one (requested -> active):
  custom:framework-win-MediaFoundation: 216162199b28c13a410421893ffa2e32 -> 
  custom:video-decoder-ogg-theora: a1e56fd34408186e4bbccfd4996cb3dc -> 
  custom:container-muxer-webm: aa71ff27fc2769a1b78a27578f13a17b -> 
  custom:container-demuxer-webm: 4f35f7cbe854078d1ac9338744f61a02 -> 
  custom:container-demuxer-ogg: 62fdf1f143b41e24485cea50d1cbac27 -> 
  custom:video-encoder-webm-vp8: eb34c28f22e8b96e1ab97ce403110664 -> 
  custom:video-decoder-webm-vp8: 9c59270c3fd7afecdb556c50c9e8de78 -> 
  custom:audio-decoder-ogg-vorbis: bf7c407c2cedff20999df2af8eb42d56 -> 
  custom:audio-encoder-webm-vorbis: bf7c407c2cedff20999df2af8eb42d56 -> 
========================================================================
Received Import Request.
  Time since last request: 15.366584 seconds.
  path: Assets/PlayerMovement.cs
  artifactKey: Guid(225f9a9a84492484fb15e2733f836c02) Importer(815301076,1909f56bfc062723c751e8b465ee728b)
Start importing Assets/PlayerMovement.cs using Guid(225f9a9a84492484fb15e2733f836c02) Importer(815301076,1909f56bfc062723c751e8b465ee728b)  -> (artifact id: 'c21b7390a9c5899686330da253eed261') in 0.004980 seconds 
  Import took 0.008560 seconds .

========================================================================
Received Prepare
Registering precompiled user dll's ...
Registered in 0.004343 seconds.
Begin MonoManager ReloadAssembly
Native extension for WindowsStandalone target not found
Refreshing native plugins compatible for Editor in 0.43 ms, found 3 plugins.
Preloading 0 native plugins for Editor in 0.00 ms.
Mono: successfully reloaded assembly
- Completed reload, in  0.877 seconds
Domain Reload Profiling:
	ReloadAssembly (877ms)
		BeginReloadAssembly (107ms)
			ExecutionOrderSort (0ms)
			DisableScriptedObjects (5ms)
			BackupInstance (0ms)
			ReleaseScriptingObjects (0ms)
			CreateAndSetChildDomain (31ms)
		EndReloadAssembly (714ms)
			LoadAssemblies (82ms)
			RebuildTransferFunctionScriptingTraits (0ms)
			SetupTypeCache (254ms)
			ReleaseScriptCaches (1ms)
			RebuildScriptCaches (37ms)
			SetupLoadedEditorAssemblies (255ms)
				LogAssemblyErrors (0ms)
				InitializePlatformSupportModulesInManaged (4ms)
				SetLoadedEditorAssemblies (0ms)
				RefreshPlugins (0ms)
				BeforeProcessingInitializeOnLoad (74ms)
				ProcessInitializeOnLoadAttributes (161ms)
				ProcessInitializeOnLoadMethodAttributes (9ms)
				AfterProcessingInitializeOnLoad (6ms)
				EditorAssembliesLoaded (0ms)
			ExecutionOrderSort2 (0ms)
			AwakeInstancesAfterBackupRestoration (7ms)
Platform modules already initialized, skipping
Refreshing native plugins compatible for Editor in 0.53 ms, found 3 plugins.
Preloading 0 native plugins for Editor in 0.00 ms.
Unloading 2184 Unused Serialized files (Serialized files now loaded: 0)
System memory in use before: 98.2 MB.
System memory in use after: 98.4 MB.

Unloading 17 unused Assets to reduce memory usage. Loaded Objects now: 2648.
Total: 2.854400 ms (FindLiveObjects: 0.229300 ms CreateObjectMapping: 0.079200 ms MarkObjects: 2.528500 ms  DeleteObjects: 0.016300 ms)

AssetImportParameters requested are different than current active one (requested -> active):
  custom:framework-win-MediaFoundation: 216162199b28c13a410421893ffa2e32 -> 
  custom:video-decoder-ogg-theora: a1e56fd34408186e4bbccfd4996cb3dc -> 
  custom:container-muxer-webm: aa71ff27fc2769a1b78a27578f13a17b -> 
  custom:container-demuxer-webm: 4f35f7cbe854078d1ac9338744f61a02 -> 
  custom:container-demuxer-ogg: 62fdf1f143b41e24485cea50d1cbac27 -> 
  custom:video-encoder-webm-vp8: eb34c28f22e8b96e1ab97ce403110664 -> 
  custom:video-decoder-webm-vp8: 9c59270c3fd7afecdb556c50c9e8de78 -> 
  custom:audio-decoder-ogg-vorbis: bf7c407c2cedff20999df2af8eb42d56 -> 
  custom:audio-encoder-webm-vorbis: bf7c407c2cedff20999df2af8eb42d56 -> 
========================================================================
Received Prepare
Registering precompiled user dll's ...
Registered in 0.004299 seconds.
Begin MonoManager ReloadAssembly
Native extension for WindowsStandalone target not found
Refreshing native plugins compatible for Editor in 0.54 ms, found 3 plugins.
Preloading 0 native plugins for Editor in 0.00 ms.
Mono: successfully reloaded assembly
- Completed reload, in  0.870 seconds
Domain Reload Profiling:
	ReloadAssembly (871ms)
		BeginReloadAssembly (110ms)
			ExecutionOrderSort (0ms)
			DisableScriptedObjects (5ms)
			BackupInstance (0ms)
			ReleaseScriptingObjects (0ms)
			CreateAndSetChildDomain (32ms)
		EndReloadAssembly (708ms)
			LoadAssemblies (78ms)
			RebuildTransferFunctionScriptingTraits (0ms)
			SetupTypeCache (250ms)
			ReleaseScriptCaches (1ms)
			RebuildScriptCaches (37ms)
			SetupLoadedEditorAssemblies (255ms)
				LogAssemblyErrors (0ms)
				InitializePlatformSupportModulesInManaged (4ms)
				SetLoadedEditorAssemblies (0ms)
				RefreshPlugins (1ms)
				BeforeProcessingInitializeOnLoad (72ms)
				ProcessInitializeOnLoadAttributes (162ms)
				ProcessInitializeOnLoadMethodAttributes (9ms)
				AfterProcessingInitializeOnLoad (6ms)
				EditorAssembliesLoaded (0ms)
			ExecutionOrderSort2 (0ms)
			AwakeInstancesAfterBackupRestoration (7ms)
Platform modules already initialized, skipping
Refreshing native plugins compatible for Editor in 0.45 ms, found 3 plugins.
Preloading 0 native plugins for Editor in 0.00 ms.
Unloading 2183 Unused Serialized files (Serialized files now loaded: 0)
System memory in use before: 98.2 MB.
System memory in use after: 98.4 MB.

Unloading 18 unused Assets to reduce memory usage. Loaded Objects now: 2649.
Total: 2.826600 ms (FindLiveObjects: 0.243400 ms CreateObjectMapping: 0.123500 ms MarkObjects: 2.440600 ms  DeleteObjects: 0.017600 ms)

AssetImportParameters requested are different than current active one (requested -> active):
  custom:framework-win-MediaFoundation: 216162199b28c13a410421893ffa2e32 -> 
  custom:video-decoder-ogg-theora: a1e56fd34408186e4bbccfd4996cb3dc -> 
  custom:container-muxer-webm: aa71ff27fc2769a1b78a27578f13a17b -> 
  custom:container-demuxer-webm: 4f35f7cbe854078d1ac9338744f61a02 -> 
  custom:container-demuxer-ogg: 62fdf1f143b41e24485cea50d1cbac27 -> 
  custom:video-encoder-webm-vp8: eb34c28f22e8b96e1ab97ce403110664 -> 
  custom:video-decoder-webm-vp8: 9c59270c3fd7afecdb556c50c9e8de78 -> 
  custom:audio-decoder-ogg-vorbis: bf7c407c2cedff20999df2af8eb42d56 -> 
  custom:audio-encoder-webm-vorbis: bf7c407c2cedff20999df2af8eb42d56 -> 
========================================================================
Received Import Request.
  Time since last request: 68.850662 seconds.
  path: Assets/Scenes/SampleScene.unity
  artifactKey: Guid(2cda990e2423bbf4892e6590ba056729) Importer(815301076,1909f56bfc062723c751e8b465ee728b)
Start importing Assets/Scenes/SampleScene.unity using Guid(2cda990e2423bbf4892e6590ba056729) Importer(815301076,1909f56bfc062723c751e8b465ee728b)  -> (artifact id: 'c870ceeab8375fd65cbdd2b305f6844d') in 0.011471 seconds 
  Import took 0.014914 seconds .

========================================================================
Received Import Request.
  Time since last request: 21.204284 seconds.
  path: Assets/Scripts
  artifactKey: Guid(72ebd77faec95674cbe59cd0cc4875bb) Importer(815301076,1909f56bfc062723c751e8b465ee728b)
Start importing Assets/Scripts using Guid(72ebd77faec95674cbe59cd0cc4875bb) Importer(815301076,1909f56bfc062723c751e8b465ee728b)  -> (artifact id: '6855e2144ac5b79c0912eb91b2157d42') in 0.007772 seconds 
  Import took 0.011520 seconds .

========================================================================
Received Import Request.
  Time since last request: 15.252415 seconds.
  path: Assets/Prefabs
  artifactKey: Guid(8af589437cafa2c4ab12abb2c6573403) Importer(815301076,1909f56bfc062723c751e8b465ee728b)
Start importing Assets/Prefabs using Guid(8af589437cafa2c4ab12abb2c6573403) Importer(815301076,1909f56bfc062723c751e8b465ee728b)  -> (artifact id: '548b2e455bd8b948cb72da0fa6a03a38') in 0.005547 seconds 
  Import took 0.008557 seconds .

========================================================================
Received Import Request.
  Time since last request: 12.725896 seconds.
  path: Assets/Tiles
  artifactKey: Guid(8af589437cafa2c4ab12abb2c6573403) Importer(815301076,1909f56bfc062723c751e8b465ee728b)
Start importing Assets/Tiles using Guid(8af589437cafa2c4ab12abb2c6573403) Importer(815301076,1909f56bfc062723c751e8b465ee728b)  -> (artifact id: '8401e378775a30baf802522755ea117a') in 0.005768 seconds 
  Import took 0.009240 seconds .

========================================================================
Received Import Request.
  Time since last request: 31.774466 seconds.
  path: Assets/Player.prefab
  artifactKey: Guid(74078d2e2a8787b439aea3b929e7b1fe) Importer(815301076,1909f56bfc062723c751e8b465ee728b)
Start importing Assets/Player.prefab using Guid(74078d2e2a8787b439aea3b929e7b1fe) Importer(815301076,1909f56bfc062723c751e8b465ee728b)  -> (artifact id: '33ab57ebda57229bde67c19b349caed9') in 0.043338 seconds 
  Import took 0.046668 seconds .

